# JRE version: OpenJDK Runtime Environment Microsoft-8035246 (17.0.8+7) (build 17.0.8+7-LTS)
# Java VM: OpenJDK 64-Bit Server VM Microsoft-8035246 (17.0.8+7-LTS, mixed mode, sharing, tiered, compressed oops, compressed class ptrs, g1 gc, windows-amd64)
GC Precious Log:
 CPUs: 8 total, 8 available
 Memory: 10101M
 Large Page Support: Disabled
 NUMA Support: Disabled
 Compressed Oops: Enabled (32-bit)
 Heap Region Size: 1M
 Heap Min Capacity: 8M
 Heap Initial Capacity: 158M
 Heap Max Capacity: 2G
 Pre-touch: Disabled
 Parallel Workers: 8
 Concurrent Workers: 2
 Concurrent Refinement Workers: 8
 Periodic GC: Disabled
Heap:
 garbage-first heap   total 201728K, used 88857K [0x0000000080000000, 0x0000000100000000)
  region size 1024K, 8 young (8192K), 7 survivors (7168K)
 Metaspace       used 73464K, committed 74368K, reserved 491520K
  class space    used 10385K, committed 10816K, reserved 425984K
GC Heap History (20 events):
Event: 17.919 GC heap before
{Heap before GC invocations=24 (full 0):
 garbage-first heap   total 99328K, used 80143K [0x0000000080000000, 0x0000000100000000)
  region size 1024K, 24 young (24576K), 1 survivors (1024K)
 Metaspace       used 60651K, committed 61376K, reserved 491520K
  class space    used 8567K, committed 8896K, reserved 425984K
}
Event: 17.921 GC heap after
{Heap after GC invocations=25 (full 0):
 garbage-first heap   total 99328K, used 57195K [0x0000000080000000, 0x0000000100000000)
  region size 1024K, 1 young (1024K), 1 survivors (1024K)
 Metaspace       used 60651K, committed 61376K, reserved 491520K
  class space    used 8567K, committed 8896K, reserved 425984K
}
Event: 18.742 GC heap before
{Heap before GC invocations=26 (full 0):
 garbage-first heap   total 101376K, used 83819K [0x0000000080000000, 0x0000000100000000)
  region size 1024K, 25 young (25600K), 1 survivors (1024K)
 Metaspace       used 62157K, committed 62848K, reserved 491520K
  class space    used 8816K, committed 9152K, reserved 425984K
}
Event: 18.744 GC heap after
{Heap after GC invocations=27 (full 0):
 garbage-first heap   total 101376K, used 61599K [0x0000000080000000, 0x0000000100000000)
  region size 1024K, 3 young (3072K), 3 survivors (3072K)
 Metaspace       used 62157K, committed 62848K, reserved 491520K
  class space    used 8816K, committed 9152K, reserved 425984K
}
Event: 18.760 GC heap before
{Heap before GC invocations=27 (full 0):
 garbage-first heap   total 101376K, used 62623K [0x0000000080000000, 0x0000000100000000)
  region size 1024K, 4 young (4096K), 3 survivors (3072K)
 Metaspace       used 62212K, committed 62912K, reserved 491520K
  class space    used 8824K, committed 9152K, reserved 425984K
}
Event: 18.762 GC heap after
{Heap after GC invocations=28 (full 0):
 garbage-first heap   total 101376K, used 61460K [0x0000000080000000, 0x0000000100000000)
  region size 1024K, 1 young (1024K), 1 survivors (1024K)
 Metaspace       used 62212K, committed 62912K, reserved 491520K
  class space    used 8824K, committed 9152K, reserved 425984K
}
Event: 19.143 GC heap before
{Heap before GC invocations=28 (full 0):
 garbage-first heap   total 101376K, used 85012K [0x0000000080000000, 0x0000000100000000)
  region size 1024K, 24 young (24576K), 1 survivors (1024K)
 Metaspace       used 63421K, committed 64064K, reserved 491520K
  class space    used 9010K, committed 9280K, reserved 425984K
}
Event: 19.145 GC heap after
{Heap after GC invocations=29 (full 0):
 garbage-first heap   total 101376K, used 62044K [0x0000000080000000, 0x0000000100000000)
  region size 1024K, 1 young (1024K), 1 survivors (1024K)
 Metaspace       used 63421K, committed 64064K, reserved 491520K
  class space    used 9010K, committed 9280K, reserved 425984K
}
Event: 19.558 GC heap before
{Heap before GC invocations=30 (full 0):
 garbage-first heap   total 107520K, used 84572K [0x0000000080000000, 0x0000000100000000)
  region size 1024K, 23 young (23552K), 1 survivors (1024K)
 Metaspace       used 64115K, committed 64768K, reserved 491520K
  class space    used 9121K, committed 9408K, reserved 425984K
}
Event: 19.561 GC heap after
{Heap after GC invocations=31 (full 0):
 garbage-first heap   total 107520K, used 65215K [0x0000000080000000, 0x0000000100000000)
  region size 1024K, 3 young (3072K), 3 survivors (3072K)
 Metaspace       used 64115K, committed 64768K, reserved 491520K
  class space    used 9121K, committed 9408K, reserved 425984K
}
Event: 19.604 GC heap before
{Heap before GC invocations=31 (full 0):
 garbage-first heap   total 107520K, used 66239K [0x0000000080000000, 0x0000000100000000)
  region size 1024K, 5 young (5120K), 3 survivors (3072K)
 Metaspace       used 64220K, committed 64832K, reserved 491520K
  class space    used 9134K, committed 9408K, reserved 425984K
}
Event: 19.607 GC heap after
{Heap after GC invocations=32 (full 0):
 garbage-first heap   total 107520K, used 65286K [0x0000000080000000, 0x0000000100000000)
  region size 1024K, 1 young (1024K), 1 survivors (1024K)
 Metaspace       used 64220K, committed 64832K, reserved 491520K
  class space    used 9134K, committed 9408K, reserved 425984K
}
Event: 20.258 GC heap before
{Heap before GC invocations=32 (full 0):
 garbage-first heap   total 107520K, used 87814K [0x0000000080000000, 0x0000000100000000)
  region size 1024K, 23 young (23552K), 1 survivors (1024K)
 Metaspace       used 64901K, committed 65664K, reserved 491520K
  class space    used 9205K, committed 9536K, reserved 425984K
}
Event: 20.262 GC heap after
{Heap after GC invocations=33 (full 0):
 garbage-first heap   total 201728K, used 68608K [0x0000000080000000, 0x0000000100000000)
  region size 1024K, 3 young (3072K), 3 survivors (3072K)
 Metaspace       used 64901K, committed 65664K, reserved 491520K
  class space    used 9205K, committed 9536K, reserved 425984K
}
Event: 23.076 GC heap before
{Heap before GC invocations=33 (full 0):
 garbage-first heap   total 201728K, used 154624K [0x0000000080000000, 0x0000000100000000)
  region size 1024K, 88 young (90112K), 3 survivors (3072K)
 Metaspace       used 70670K, committed 71488K, reserved 491520K
  class space    used 10077K, committed 10496K, reserved 425984K
}
Event: 23.087 GC heap after
{Heap after GC invocations=34 (full 0):
 garbage-first heap   total 201728K, used 75178K [0x0000000080000000, 0x0000000100000000)
  region size 1024K, 10 young (10240K), 10 survivors (10240K)
 Metaspace       used 70670K, committed 71488K, reserved 491520K
  class space    used 10077K, committed 10496K, reserved 425984K
}
Event: 25.474 GC heap before
{Heap before GC invocations=34 (full 0):
 garbage-first heap   total 201728K, used 157098K [0x0000000080000000, 0x0000000100000000)
  region size 1024K, 90 young (92160K), 10 survivors (10240K)
 Metaspace       used 73295K, committed 74176K, reserved 491520K
  class space    used 10382K, committed 10816K, reserved 425984K
}
Event: 25.486 GC heap after
{Heap after GC invocations=35 (full 0):
 garbage-first heap   total 201728K, used 83132K [0x0000000080000000, 0x0000000100000000)
  region size 1024K, 10 young (10240K), 10 survivors (10240K)
 Metaspace       used 73295K, committed 74176K, reserved 491520K
  class space    used 10382K, committed 10816K, reserved 425984K
}
Event: 26.151 GC heap before
{Heap before GC invocations=35 (full 0):
 garbage-first heap   total 201728K, used 155836K [0x0000000080000000, 0x0000000100000000)
  region size 1024K, 82 young (83968K), 10 survivors (10240K)
 Metaspace       used 73426K, committed 74304K, reserved 491520K
  class space    used 10382K, committed 10816K, reserved 425984K
}
Event: 26.158 GC heap after
{Heap after GC invocations=36 (full 0):
 garbage-first heap   total 201728K, used 85155K [0x0000000080000000, 0x0000000100000000)
  region size 1024K, 5 young (5120K), 5 survivors (5120K)
 Metaspace       used 73426K, committed 74304K, reserved 491520K
  class space    used 10382K, committed 10816K, reserved 425984K
}

